2022-03-08 15:39:18 Loading main app package /tmp/.mount_ObsidiJSs69Q/resources/obsidian.asar
2022-03-08 15:39:18 Checking for update using Github
2022-03-08 15:39:19 Success.
2022-03-08 15:39:19 Latest version is 0.13.30
2022-03-08 15:39:19 App is up to date.
2022-03-08 15:39:19 Loading main app package /tmp/.mount_ObsidiEtJx1G/resources/obsidian.asar
2022-03-08 15:39:20 Checking for update using Github
2022-03-08 18:42:49 Loading main app package /tmp/.mount_ObsidiZbRCOF/resources/obsidian.asar
2022-03-08 18:42:50 Checking for update using Github
2022-03-08 18:42:53 Success.
2022-03-08 18:42:53 Latest version is 0.13.30
2022-03-08 18:42:53 App is up to date.
2022-03-08 18:53:22 Loading main app package /tmp/.mount_Obsidi3A852p/resources/obsidian.asar
2022-03-08 18:53:23 Checking for update using Github
2022-03-08 18:53:24 Success.
2022-03-08 18:53:24 Latest version is 0.13.30
2022-03-08 18:53:24 App is up to date.
2022-03-08 19:07:03 Loading main app package /tmp/.mount_ObsidiBwSLzC/resources/obsidian.asar
2022-03-08 19:07:03 Checking for update using Github
2022-03-08 19:07:10 Success.
2022-03-08 19:07:10 Latest version is 0.13.30
2022-03-08 19:07:10 App is up to date.
2022-03-08 19:07:43 Loading main app package /tmp/.mount_ObsidiElauAB/resources/obsidian.asar
2022-03-08 19:07:44 Checking for update using Github
2022-03-08 19:07:44 Success.
2022-03-08 19:07:44 Latest version is 0.13.30
2022-03-08 19:07:44 App is up to date.
2022-03-09 10:32:39 Loading main app package /tmp/.mount_ObsidiLQjGPN/resources/obsidian.asar
2022-03-09 10:32:40 Checking for update using Github
2022-03-09 10:32:40 Success.
2022-03-09 10:32:40 Latest version is 0.13.31
2022-03-09 10:32:40 Downloading update from https://github.com/obsidianmd/obsidian-releases/releases/download/v0.13.31/obsidian-0.13.31.asar.gz
2022-03-09 10:32:49 Verifying hash & signature. Size= 12043268
2022-03-09 10:32:49 Saving file
2022-03-09 10:32:49 Update complete.
2022-03-09 11:32:39 Checking for update using Github
2022-03-09 11:32:40 Success.
2022-03-09 11:32:40 Latest version is 0.13.31
2022-03-09 11:32:40 An update is already downloaded.
2022-03-09 12:32:39 Checking for update using Github
2022-03-09 12:32:41 Success.
2022-03-09 12:32:41 Latest version is 0.13.31
2022-03-09 12:32:41 An update is already downloaded.
2022-03-09 13:32:39 Checking for update using Github
2022-03-09 13:32:40 Success.
2022-03-09 13:32:40 Latest version is 0.13.31
2022-03-09 13:32:40 An update is already downloaded.
2022-04-09 13:29:09 Loading updated app package /home/glyphack/.config/obsidian/obsidian-0.13.31.asar
2022-04-09 13:29:09 Checking for update using Github
2022-04-09 13:29:10 Success.
2022-04-09 13:29:10 Latest version is 0.14.2
2022-04-09 13:29:10 Downloading update from https://github.com/obsidianmd/obsidian-releases/releases/download/v0.14.2/obsidian-0.14.2.asar.gz
2022-04-09 13:29:22 Verifying hash & signature. Size= 12048988
2022-04-09 13:29:22 Saving file
2022-04-09 13:29:22 Update complete.
2022-04-09 14:29:09 Checking for update using Github
2022-04-09 14:29:10 Success.
2022-04-09 14:29:10 Latest version is 0.14.2
2022-04-09 14:29:10 An update is already downloaded.
2022-04-09 15:29:09 Checking for update using Github
2022-04-09 15:29:10 Success.
2022-04-09 15:29:10 Latest version is 0.14.2
2022-04-09 15:29:10 An update is already downloaded.
2022-04-09 16:29:09 Checking for update using Github
2022-04-09 16:29:10 Success.
2022-04-09 16:29:10 Latest version is 0.14.2
2022-04-09 16:29:10 An update is already downloaded.
2022-04-09 17:29:09 Checking for update using Github
2022-04-09 17:29:11 Success.
2022-04-09 17:29:11 Latest version is 0.14.2
2022-04-09 17:29:11 An update is already downloaded.
2022-05-05 04:44:31 Loading updated app package /home/glyphack/.config/obsidian/obsidian-0.14.2.asar
2022-05-05 04:44:32 Checking for update using Github
2022-05-05 04:44:33 Success.
2022-05-05 04:44:33 Latest version is 0.14.6
2022-05-05 04:44:33 Downloading update from https://github.com/obsidianmd/obsidian-releases/releases/download/v0.14.6/obsidian-0.14.6.asar.gz
2022-05-05 04:44:38 Verifying hash & signature. Size= 5291318
2022-05-05 04:44:38 Saving file
2022-05-05 04:44:38 Update complete.
2022-05-05 05:39:21 Loading updated app package /home/glyphack/.config/obsidian/obsidian-0.14.6.asar
2022-05-05 05:39:22 Checking for update using Github
2022-05-05 05:39:23 Success.
2022-05-05 05:39:23 Latest version is 0.14.6
2022-05-05 05:39:23 App is up to date.
2022-05-05 06:39:21 Checking for update using Github
2022-05-05 06:39:22 Success.
2022-05-05 06:39:22 Latest version is 0.14.6
2022-05-05 06:39:22 App is up to date.
2022-05-05 07:39:21 Checking for update using Github
2022-05-05 07:39:23 Success.
2022-05-05 07:39:23 Latest version is 0.14.6
2022-05-05 07:39:23 App is up to date.
2022-05-05 08:39:21 Checking for update using Github
2022-05-05 08:39:22 Success.
2022-05-05 08:39:22 Latest version is 0.14.6
2022-05-05 08:39:22 App is up to date.
2022-05-05 09:39:21 Checking for update using Github
2022-05-05 09:39:23 Success.
2022-05-05 09:39:23 Latest version is 0.14.6
2022-05-05 09:39:23 App is up to date.
2022-06-19 13:51:31 Loading updated app package /home/glyphack/.config/obsidian/obsidian-0.14.6.asar
2022-06-19 13:51:31 Checking for update using Github
2022-06-19 13:51:32 Loading updated app package /home/glyphack/.config/obsidian/obsidian-0.14.6.asar
2022-06-19 13:51:33 Checking for update using Github
2022-06-19 13:51:35 Success.
2022-06-19 13:51:35 Latest version is 0.14.15
2022-06-19 13:51:35 Downloading update from https://github.com/obsidianmd/obsidian-releases/releases/download/v0.14.15/obsidian-0.14.15.asar.gz
2022-06-19 13:52:01 Verifying hash & signature. Size= 5370314
2022-06-19 13:52:01 Saving file
2022-06-19 13:52:01 Update complete.
2022-06-30 07:09:02 Loading updated app package /home/glyphack/.config/obsidian/obsidian-0.14.15.asar
2022-06-30 07:09:03 Checking for update using Github
2022-06-30 07:09:05 Success.
2022-06-30 07:09:05 Latest version is 0.14.15
2022-06-30 07:09:05 App is up to date.
2022-06-30 08:09:02 Checking for update using Github
2022-06-30 08:09:08 Success.
2022-06-30 08:09:08 Latest version is 0.14.15
2022-06-30 08:09:08 App is up to date.
2022-06-30 09:09:02 Checking for update using Github
2022-06-30 09:09:08 Success.
2022-06-30 09:09:08 Latest version is 0.14.15
2022-06-30 09:09:08 App is up to date.
2022-06-30 10:09:02 Checking for update using Github
2022-06-30 10:09:08 Success.
2022-06-30 10:09:08 Latest version is 0.14.15
2022-06-30 10:09:08 App is up to date.
2022-06-30 11:09:03 Checking for update using Github
2022-06-30 11:09:08 Success.
2022-06-30 11:09:08 Latest version is 0.14.15
2022-06-30 11:09:08 App is up to date.
2022-06-30 12:09:03 Checking for update using Github
2022-06-30 12:09:08 Success.
2022-06-30 12:09:08 Latest version is 0.14.15
2022-06-30 12:09:08 App is up to date.
2022-06-30 13:09:03 Checking for update using Github
2022-06-30 13:09:04 Success.
2022-06-30 13:09:04 Latest version is 0.14.15
2022-06-30 13:09:04 App is up to date.
2022-07-12 11:41:18 Loading updated app package /home/glyphack/.config/obsidian/obsidian-0.14.15.asar
2022-07-12 11:41:19 Checking for update using Github
2022-07-12 11:41:25 Success.
2022-07-12 11:41:25 Latest version is 0.14.15
2022-07-12 11:41:25 App is up to date.
